#
# There is insufficient memory for the Java Runtime Environment to continue.
# Native memory allocation (malloc) failed to allocate 1048576 bytes for AllocateHeap
# Possible reasons:
#   The system is out of physical RAM or swap space
#   In 32 bit mode, the process size limit was hit
# Possible solutions:
#   Reduce memory load on the system
#   Increase physical memory or swap space
#   Check if swap backing store is full
#   Use 64 bit Java on a 64 bit OS
#   Decrease Java heap size (-Xmx/-Xms)
#   Decrease number of Java threads
#   Decrease Java thread stack sizes (-Xss)
#   Set larger code cache with -XX:ReservedCodeCacheSize=
# This output file may be truncated or incomplete.
#
#  Out of Memory Error (memory/allocation.inline.hpp:61), pid=7220, tid=0x0000000000002554
#
# JRE version:  (8.0) (build )
# Java VM: OpenJDK 64-Bit Server VM (25.71-b00 mixed mode windows-amd64 compressed oops)
# Failed to write core dump. Minidumps are not enabled by default on client versions of Windows
#

---------------  T H R E A D  ---------------

Current thread (0x0000000002872800):  JavaThread "Unknown thread" [_thread_in_vm, id=9556, stack(0x0000000002750000,0x0000000002850000)]

Stack: [0x0000000002750000,0x0000000002850000]
[error occurred during error reporting (printing stack bounds), id 0xc0000005]

Native frames: (J=compiled Java code, j=interpreted, Vv=VM code, C=native code)


---------------  P R O C E S S  ---------------

Java Threads: ( => current thread )

Other Threads:

=>0x0000000002872800 (exited) JavaThread "Unknown thread" [_thread_in_vm, id=9556, stack(0x0000000002750000,0x0000000002850000)]

VM state:not at safepoint (normal execution)

VM Mutex/Monitor currently owned by a thread: None

Heap:
 PSYoungGen      total 33280K, used 573K [0x00000000dad80000, 0x00000000dd280000, 0x0000000100000000)
  eden space 28672K, 2% used [0x00000000dad80000,0x00000000dae0f5d0,0x00000000dc980000)
  from space 4608K, 0% used [0x00000000dce00000,0x00000000dce00000,0x00000000dd280000)
  to   space 4608K, 0% used [0x00000000dc980000,0x00000000dc980000,0x00000000dce00000)
 ParOldGen       total 76800K, used 0K [0x0000000090800000, 0x0000000095300000, 0x00000000dad80000)
  object space 76800K, 0% used [0x0000000090800000,0x0000000090800000,0x0000000095300000)
 Metaspace       used 777K, capacity 4480K, committed 4480K, reserved 1056768K
  class space    used 74K, capacity 384K, committed 384K, reserved 1048576K

Card table byte_map: [0x0000000011d30000,0x00000000120b0000] byte_map_base: 0x00000000118ac000

Marking Bits: (ParMarkBitMap*) 0x00000000556fbe50
 Begin Bits: [0x0000000012710000, 0x00000000142f0000)
 End Bits:   [0x00000000142f0000, 0x0000000015ed0000)

Polling page: 0x0000000000f30000

CodeCache: size=245760Kb used=327Kb max_used=327Kb free=245432Kb
 bounds [0x0000000002970000, 0x0000000002be0000, 0x0000000011970000]
 total_blobs=56 nmethods=0 adapters=38
 compilation: enabled

Compilation events (0 events):
No events

GC Heap History (0 events):
No events

Deoptimization events (0 events):
No events

Classes redefined (0 events):
No events

Internal exceptions (0 events):
No events

Events (10 events):
Event: 0.039 loading class java/lang/Short
Event: 0.039 loading class java/lang/Short done
Event: 0.039 loading class java/lang/Integer
Event: 0.039 loading class java/lang/Integer done
Event: 0.039 loading class java/lang/Long
Event: 0.039 loading class java/lang/Long done
Event: 0.040 loading class java/lang/NullPointerException
Event: 0.040 loading class java/lang/NullPointerException done
Event: 0.040 loading class java/lang/ArithmeticException
Event: 0.041 loading class java/lang/ArithmeticException done


Dynamic libraries:
0x00007ff700560000 - 0x00007ff700595000 	C:\Program Files\Unity\Hub\Editor\2020.3.34f1\Editor\Data\PlaybackEngines\AndroidPlayer\OpenJDK\bin\java.exe
0x00007ff80fe70000 - 0x00007ff810067000 	C:\WINDOWS\SYSTEM32\ntdll.dll
0x00007ff80e600000 - 0x00007ff80e6bd000 	C:\WINDOWS\System32\KERNEL32.DLL
0x00007ff80d690000 - 0x00007ff80d95d000 	C:\WINDOWS\System32\KERNELBASE.dll
0x00007ff80e320000 - 0x00007ff80e3ce000 	C:\WINDOWS\System32\ADVAPI32.dll
0x00007ff80dfc0000 - 0x00007ff80e05e000 	C:\WINDOWS\System32\msvcrt.dll
0x00007ff80e490000 - 0x00007ff80e52c000 	C:\WINDOWS\System32\sechost.dll
0x00007ff80ef90000 - 0x00007ff80f0b5000 	C:\WINDOWS\System32\RPCRT4.dll
0x00007ff80ed20000 - 0x00007ff80eec0000 	C:\WINDOWS\System32\USER32.dll
0x00007ff80db60000 - 0x00007ff80db82000 	C:\WINDOWS\System32\win32u.dll
0x00007ff80e7f0000 - 0x00007ff80e81a000 	C:\WINDOWS\System32\GDI32.dll
0x00007ff80ddc0000 - 0x00007ff80decb000 	C:\WINDOWS\System32\gdi32full.dll
0x00007ff80db90000 - 0x00007ff80dc2d000 	C:\WINDOWS\System32\msvcp_win.dll
0x00007ff80d960000 - 0x00007ff80da60000 	C:\WINDOWS\System32\ucrtbase.dll
0x00007ffffec60000 - 0x00007ffffeefa000 	C:\WINDOWS\WinSxS\amd64_microsoft.windows.common-controls_6595b64144ccf1df_6.0.19041.1110_none_60b5254171f9507e\COMCTL32.dll
0x00007ff80eb80000 - 0x00007ff80ebb0000 	C:\WINDOWS\System32\IMM32.DLL
0x0000000055780000 - 0x0000000055852000 	C:\Program Files\Unity\Hub\Editor\2020.3.34f1\Editor\Data\PlaybackEngines\AndroidPlayer\OpenJDK\jre\bin\msvcr100.dll
0x0000000054f30000 - 0x0000000055779000 	C:\Program Files\Unity\Hub\Editor\2020.3.34f1\Editor\Data\PlaybackEngines\AndroidPlayer\OpenJDK\jre\bin\server\jvm.dll
0x00007ff80e230000 - 0x00007ff80e238000 	C:\WINDOWS\System32\PSAPI.DLL
0x00007ff806210000 - 0x00007ff806237000 	C:\WINDOWS\SYSTEM32\WINMM.dll
0x00007ff807d60000 - 0x00007ff807d6a000 	C:\WINDOWS\SYSTEM32\VERSION.dll
0x00007ffffe9f0000 - 0x00007ffffe9f9000 	C:\WINDOWS\SYSTEM32\WSOCK32.dll
0x00007ff80e530000 - 0x00007ff80e59b000 	C:\WINDOWS\System32\WS2_32.dll
0x00007ff8094e0000 - 0x00007ff8094ef000 	C:\Program Files\Unity\Hub\Editor\2020.3.34f1\Editor\Data\PlaybackEngines\AndroidPlayer\OpenJDK\jre\bin\verify.dll
0x00007ffffdb10000 - 0x00007ffffdb39000 	C:\Program Files\Unity\Hub\Editor\2020.3.34f1\Editor\Data\PlaybackEngines\AndroidPlayer\OpenJDK\jre\bin\java.dll
0x00007ffffe880000 - 0x00007ffffe896000 	C:\Program Files\Unity\Hub\Editor\2020.3.34f1\Editor\Data\PlaybackEngines\AndroidPlayer\OpenJDK\jre\bin\zip.dll

VM Arguments:
jvm_args: -Dfile.encoding=UTF-8 
java_command: org.gradle.launcher.GradleMain -Dorg.gradle.jvmargs=-Xmx8192m --stop
java_class_path (initial): C:\Program Files\Unity\Hub\Editor\2020.3.34f1\Editor\Data\PlaybackEngines\AndroidPlayer\Tools\gradle\lib\gradle-launcher-6.1.1.jar
Launcher Type: SUN_STANDARD

Environment Variables:
JAVA_HOME=C:\Program Files\Unity\Hub\Editor\2020.3.34f1\Editor\Data\PlaybackEngines\AndroidPlayer\OpenJDK
JAVA_TOOL_OPTIONS=-Dfile.encoding=UTF-8
PATH=C:\ProgramData\Oracle\Java\javapath;C:\Program Files (x86)\Windows Resource Kits\Tools\;C:\WINDOWS\system32;C:\WINDOWS;C:\WINDOWS\System32\Wbem;C:\WINDOWS\System32\WindowsPowerShell\v1.0\;C:\WINDOWS\System32\OpenSSH\;C:\Program Files\dotnet\;C:\Program Files (x86)\Microsoft Visual Studio\Shared\Python37_64;C:\Users\hadie\AppData\Local\Microsoft\WindowsApps;C:\Users\hadie\AppData\Local\Programs\Microsoft VS Code\bin;C:\Program Files\Azure Data Studio\bin;C:\Program Files\Java\jdk1.8.0_77;C:\Users\hadie\AppData\Local\GitHubDesktop\bin;C:\Program Files (x86)\Microsoft Visual Studio\Shared\Python37_64;
USERNAME=hadie
OS=Windows_NT
PROCESSOR_IDENTIFIER=AMD64 Family 22 Model 48 Stepping 1, AuthenticAMD



---------------  S Y S T E M  ---------------

OS: Windows 10.0 , 64 bit Build 19041 (10.0.19041.1741)

CPU:total 4 (initial active 4) (4 cores per cpu, 1 threads per core) family 22 model 48 stepping 1, cmov, cx8, fxsr, mmx, sse, sse2, sse3, ssse3, sse4.1, sse4.2, popcnt, avx, aes, clmul, mmxext, 3dnowpref, lzcnt, sse4a, tsc, tscinvbit, tscinv, bmi1

Memory: 4k page, physical 7299308k(694508k free), swap 9363692k(4308k free)

vm_info: OpenJDK 64-Bit Server VM (25.71-b00) for windows-amd64 JRE (1.8.0-adoptopenjdk-_2018_05_19_00_59-b00), built on May 19 2018 01:02:12 by "jenkins" with MS VC++ 10.0 (VS2010)

time: Tue Jul 12 19:17:09 2022
elapsed time: 0 seconds (0d 0h 0m 0s)

